
Starting insert statement generation for table 'ordered'
Will generate 13 records for table ordered
Beginning individual INSERT statement generation
Generating INSERT statement for record 1/13
Using pre-generated ID from id_map: ordered:1
Processing field 'id'
Generated value for field 'id': r'ordered:1'
Processing field 'in'
Generated value for field 'in': r'account:5'
Processing field 'out'
Generated value for field 'out': r'order:6'
Processing field 'date'
Generated value for field 'date': d'2025-08-15T22:35:52.546469+00:00'
Prepared 5 field assignments and 2 update assignments for record 0
Generating RELATION INSERT statement
Adding ON DUPLICATE KEY UPDATE clause with 2 updates
Generating INSERT statement for record 2/13
Using pre-generated ID from id_map: ordered:2
Processing field 'id'
Generated value for field 'id': r'ordered:2'
Processing field 'in'
Generated value for field 'in': r'account:7'
Processing field 'out'
Generated value for field 'out': r'order:2'
Processing field 'date'
Generated value for field 'date': d'2025-08-15T22:35:52.548318+00:00'
Prepared 5 field assignments and 2 update assignments for record 1
Generating RELATION INSERT statement
Adding ON DUPLICATE KEY UPDATE clause with 2 updates
Generating INSERT statement for record 3/13
Using pre-generated ID from id_map: ordered:3
Processing field 'id'
Generated value for field 'id': r'ordered:3'
Processing field 'in'
Generated value for field 'in': r'account:10'
Processing field 'out'
Generated value for field 'out': r'order:3'
Processing field 'date'
Generated value for field 'date': d'2025-08-15T22:35:52.550063+00:00'
Prepared 5 field assignments and 2 update assignments for record 2
Generating RELATION INSERT statement
Adding ON DUPLICATE KEY UPDATE clause with 2 updates
Generating INSERT statement for record 4/13
Using pre-generated ID from id_map: ordered:4
Processing field 'id'
Generated value for field 'id': r'ordered:4'
Processing field 'in'
Generated value for field 'in': r'account:8'
Processing field 'out'
Generated value for field 'out': r'order:8'
Processing field 'date'
Generated value for field 'date': d'2025-08-15T22:35:52.551870+00:00'
Prepared 5 field assignments and 2 update assignments for record 3
Generating RELATION INSERT statement
Adding ON DUPLICATE KEY UPDATE clause with 2 updates
Generating INSERT statement for record 5/13
Using pre-generated ID from id_map: ordered:5
Processing field 'id'
Generated value for field 'id': r'ordered:5'
Processing field 'in'
Generated value for field 'in': r'account:9'
Processing field 'out'
Generated value for field 'out': r'order:3'
Processing field 'date'
Generated value for field 'date': d'2025-08-15T22:35:52.553546+00:00'
Prepared 5 field assignments and 2 update assignments for record 4
Generating RELATION INSERT statement
Adding ON DUPLICATE KEY UPDATE clause with 2 updates
Generating INSERT statement for record 6/13
Using pre-generated ID from id_map: ordered:6
Processing field 'id'
Generated value for field 'id': r'ordered:6'
Processing field 'in'
Generated value for field 'in': r'account:10'
Processing field 'out'
Generated value for field 'out': r'order:4'
Processing field 'date'
Generated value for field 'date': d'2025-08-15T22:35:52.555140+00:00'
Prepared 5 field assignments and 2 update assignments for record 5
Generating RELATION INSERT statement
Adding ON DUPLICATE KEY UPDATE clause with 2 updates
Generating INSERT statement for record 7/13
Using pre-generated ID from id_map: ordered:7
Processing field 'id'
Generated value for field 'id': r'ordered:7'
Processing field 'in'
Generated value for field 'in': r'account:7'
Processing field 'out'
Generated value for field 'out': r'order:12'
Processing field 'date'
Generated value for field 'date': d'2025-08-15T22:35:52.556782+00:00'
Prepared 5 field assignments and 2 update assignments for record 6
Generating RELATION INSERT statement
Adding ON DUPLICATE KEY UPDATE clause with 2 updates
Generating INSERT statement for record 8/13
Using pre-generated ID from id_map: ordered:8
Processing field 'id'
Generated value for field 'id': r'ordered:8'
Processing field 'in'
Generated value for field 'in': r'account:3'
Processing field 'out'
Generated value for field 'out': r'order:15'
Processing field 'date'
Generated value for field 'date': d'2025-08-15T22:35:52.558451+00:00'
Prepared 5 field assignments and 2 update assignments for record 7
Generating RELATION INSERT statement
Adding ON DUPLICATE KEY UPDATE clause with 2 updates
Generating INSERT statement for record 9/13
Using pre-generated ID from id_map: ordered:9
Processing field 'id'
Generated value for field 'id': r'ordered:9'
Processing field 'in'
Generated value for field 'in': r'account:13'
Processing field 'out'
Generated value for field 'out': r'order:20'
Processing field 'date'
Generated value for field 'date': d'2025-08-15T22:35:52.560092+00:00'
Prepared 5 field assignments and 2 update assignments for record 8
Generating RELATION INSERT statement
Adding ON DUPLICATE KEY UPDATE clause with 2 updates
Generating INSERT statement for record 10/13
Using pre-generated ID from id_map: ordered:10
Processing field 'id'
Generated value for field 'id': r'ordered:10'
Processing field 'in'
Generated value for field 'in': r'account:8'
Processing field 'out'
Generated value for field 'out': r'order:16'
Processing field 'date'
Generated value for field 'date': d'2025-08-15T22:35:52.561843+00:00'
Prepared 5 field assignments and 2 update assignments for record 9
Generating RELATION INSERT statement
Adding ON DUPLICATE KEY UPDATE clause with 2 updates
Generating INSERT statement for record 11/13
Using pre-generated ID from id_map: ordered:11
Processing field 'id'
Generated value for field 'id': r'ordered:11'
Processing field 'in'
Generated value for field 'in': r'account:5'
Processing field 'out'
Generated value for field 'out': r'order:16'
Processing field 'date'
Generated value for field 'date': d'2025-08-15T22:35:52.563575+00:00'
Prepared 5 field assignments and 2 update assignments for record 10
Generating RELATION INSERT statement
Adding ON DUPLICATE KEY UPDATE clause with 2 updates
Generating INSERT statement for record 12/13
Using pre-generated ID from id_map: ordered:12
Processing field 'id'
Generated value for field 'id': r'ordered:12'
Processing field 'in'
Generated value for field 'in': r'account:8'
Processing field 'out'
Generated value for field 'out': r'order:12'
Processing field 'date'
Generated value for field 'date': d'2025-08-15T22:35:52.565349+00:00'
Prepared 5 field assignments and 2 update assignments for record 11
Generating RELATION INSERT statement
Adding ON DUPLICATE KEY UPDATE clause with 2 updates
Generating INSERT statement for record 13/13
Using pre-generated ID from id_map: ordered:13
Processing field 'id'
Generated value for field 'id': r'ordered:13'
Processing field 'in'
Generated value for field 'in': r'account:2'
Processing field 'out'
Generated value for field 'out': r'order:15'
Processing field 'date'
Generated value for field 'date': d'2025-08-15T22:35:52.566938+00:00'
Prepared 5 field assignments and 2 update assignments for record 12
Generating RELATION INSERT statement
Adding ON DUPLICATE KEY UPDATE clause with 2 updates
Successfully generated 13 INSERT statements for table 'ordered' (total length: 2696 bytes)
