Generating define statements for:
Enums: [
    "IntervalUnit",
    "Item",
    "Sector",
    "Priority",
    "Applications",
    "Page",
    "Table",
    "AccountName",
    "LeadStage",
    "NextStep",
    "WeekOfMonth",
    "UserRole",
    "Status",
    "Interval",
    "RecurrenceEnd",
    "OrderStage",
    "Weekday",
]
App structs: [
    "Order",
    "DailyRecurrenceRule",
    "FirstName",
    "Lead",
    "Metadata",
    "Ordered",
    "ServiceDefaults",
    "ProductDefaults",
    "AppPermissions",
    "TaxRate",
    "Represents",
    "Number",
    "AppointmentNotifications",
    "Appointment",
    "Promotion",
    "Employee",
    "WeeklyRecurrenceRule",
    "Address",
    "Color",
    "PhoneNumber",
    "Product",
    "MonthlyRecurrenceRule",
    "RecurrenceRule",
    "Payment",
    "SignUpCredentials",
    "Settings",
    "Commissions",
    "Account",
    "Colors",
    "CompanyName",
    "Coordinates",
    "Site",
    "Service",
    "YearlyRecurrenceRule",
    "Company",
    "PersonName",
    "User",
    "Email",
    "Package",
    "Route",
    "BilledItem",
    "Password",
    "LastName",
]
Tables: [
    "payment",
    "route",
    "package",
    "product",
    "site",
    "account",
    "represents",
    "service",
    "employee",
    "company",
    "order",
    "lead",
    "tax_rate",
    "appointment",
    "promotion",
    "ordered",
    "user",
]
