{
    "FirstName": StructConfig {
        name: "FirstName",
        fields: [
            StructField {
                field_name: "name",
                field_type: String,
                edge_config: None,
                define_config: Some(
                    DefineConfig {
                        select_permissions: Some(
                            "FULL",
                        ),
                        update_permissions: Some(
                            "FULL",
                        ),
                        create_permissions: Some(
                            "FULL",
                        ),
                        data_type: None,
                        should_skip: false,
                        default: None,
                        default_always: None,
                        value: None,
                        assert: None,
                        readonly: None,
                        flexible: Some(
                            false,
                        ),
                    },
                ),
                format: None,
                validators: [],
                always_regenerate: false,
            },
        ],
        validators: [],
    },
    "Password": StructConfig {
        name: "Password",
        fields: [
            StructField {
                field_name: "password",
                field_type: String,
                edge_config: None,
                define_config: Some(
                    DefineConfig {
                        select_permissions: Some(
                            "FULL",
                        ),
                        update_permissions: Some(
                            "FULL",
                        ),
                        create_permissions: Some(
                            "FULL",
                        ),
                        data_type: None,
                        should_skip: false,
                        default: None,
                        default_always: None,
                        value: None,
                        assert: None,
                        readonly: None,
                        flexible: Some(
                            false,
                        ),
                    },
                ),
                format: None,
                validators: [],
                always_regenerate: false,
            },
        ],
        validators: [],
    },
    "LastName": StructConfig {
        name: "LastName",
        fields: [
            StructField {
                field_name: "name",
                field_type: String,
                edge_config: None,
                define_config: Some(
                    DefineConfig {
                        select_permissions: Some(
                            "FULL",
                        ),
                        update_permissions: Some(
                            "FULL",
                        ),
                        create_permissions: Some(
                            "FULL",
                        ),
                        data_type: None,
                        should_skip: false,
                        default: None,
                        default_always: None,
                        value: None,
                        assert: None,
                        readonly: None,
                        flexible: Some(
                            false,
                        ),
                    },
                ),
                format: None,
                validators: [],
                always_regenerate: false,
            },
        ],
        validators: [],
    },
    "Email": StructConfig {
        name: "Email",
        fields: [
            StructField {
                field_name: "local",
                field_type: String,
                edge_config: None,
                define_config: Some(
                    DefineConfig {
                        select_permissions: Some(
                            "FULL",
                        ),
                        update_permissions: Some(
                            "FULL",
                        ),
                        create_permissions: Some(
                            "FULL",
                        ),
                        data_type: None,
                        should_skip: false,
                        default: None,
                        default_always: None,
                        value: None,
                        assert: None,
                        readonly: None,
                        flexible: Some(
                            false,
                        ),
                    },
                ),
                format: None,
                validators: [],
                always_regenerate: false,
            },
            StructField {
                field_name: "domain_name",
                field_type: String,
                edge_config: None,
                define_config: Some(
                    DefineConfig {
                        select_permissions: Some(
                            "FULL",
                        ),
                        update_permissions: Some(
                            "FULL",
                        ),
                        create_permissions: Some(
                            "FULL",
                        ),
                        data_type: None,
                        should_skip: false,
                        default: None,
                        default_always: None,
                        value: None,
                        assert: None,
                        readonly: None,
                        flexible: Some(
                            false,
                        ),
                    },
                ),
                format: None,
                validators: [],
                always_regenerate: false,
            },
            StructField {
                field_name: "top_level_domain",
                field_type: String,
                edge_config: None,
                define_config: Some(
                    DefineConfig {
                        select_permissions: Some(
                            "FULL",
                        ),
                        update_permissions: Some(
                            "FULL",
                        ),
                        create_permissions: Some(
                            "FULL",
                        ),
                        data_type: None,
                        should_skip: false,
                        default: None,
                        default_always: None,
                        value: None,
                        assert: None,
                        readonly: None,
                        flexible: Some(
                            false,
                        ),
                    },
                ),
                format: None,
                validators: [],
                always_regenerate: false,
            },
        ],
        validators: [],
    },
    "SignUpCredentials": StructConfig {
        name: "SignUpCredentials",
        fields: [
            StructField {
                field_name: "first_name",
                field_type: Other(
                    "FirstName",
                ),
                edge_config: None,
                define_config: Some(
                    DefineConfig {
                        select_permissions: Some(
                            "FULL",
                        ),
                        update_permissions: Some(
                            "FULL",
                        ),
                        create_permissions: Some(
                            "FULL",
                        ),
                        data_type: None,
                        should_skip: false,
                        default: None,
                        default_always: None,
                        value: None,
                        assert: None,
                        readonly: None,
                        flexible: Some(
                            false,
                        ),
                    },
                ),
                format: None,
                validators: [],
                always_regenerate: false,
            },
            StructField {
                field_name: "last_name",
                field_type: Other(
                    "LastName",
                ),
                edge_config: None,
                define_config: Some(
                    DefineConfig {
                        select_permissions: Some(
                            "FULL",
                        ),
                        update_permissions: Some(
                            "FULL",
                        ),
                        create_permissions: Some(
                            "FULL",
                        ),
                        data_type: None,
                        should_skip: false,
                        default: None,
                        default_always: None,
                        value: None,
                        assert: None,
                        readonly: None,
                        flexible: Some(
                            false,
                        ),
                    },
                ),
                format: None,
                validators: [],
                always_regenerate: false,
            },
            StructField {
                field_name: "email",
                field_type: Other(
                    "Email",
                ),
                edge_config: None,
                define_config: Some(
                    DefineConfig {
                        select_permissions: Some(
                            "FULL",
                        ),
                        update_permissions: Some(
                            "FULL",
                        ),
                        create_permissions: Some(
                            "FULL",
                        ),
                        data_type: None,
                        should_skip: false,
                        default: None,
                        default_always: None,
                        value: None,
                        assert: None,
                        readonly: None,
                        flexible: Some(
                            false,
                        ),
                    },
                ),
                format: None,
                validators: [],
                always_regenerate: false,
            },
            StructField {
                field_name: "password",
                field_type: Other(
                    "Password",
                ),
                edge_config: None,
                define_config: Some(
                    DefineConfig {
                        select_permissions: Some(
                            "FULL",
                        ),
                        update_permissions: Some(
                            "FULL",
                        ),
                        create_permissions: Some(
                            "FULL",
                        ),
                        data_type: None,
                        should_skip: false,
                        default: None,
                        default_always: None,
                        value: None,
                        assert: None,
                        readonly: None,
                        flexible: Some(
                            false,
                        ),
                    },
                ),
                format: None,
                validators: [],
                always_regenerate: false,
            },
            StructField {
                field_name: "remember_me",
                field_type: Bool,
                edge_config: None,
                define_config: Some(
                    DefineConfig {
                        select_permissions: Some(
                            "FULL",
                        ),
                        update_permissions: Some(
                            "FULL",
                        ),
                        create_permissions: Some(
                            "FULL",
                        ),
                        data_type: None,
                        should_skip: false,
                        default: None,
                        default_always: None,
                        value: None,
                        assert: None,
                        readonly: None,
                        flexible: Some(
                            false,
                        ),
                    },
                ),
                format: None,
                validators: [],
                always_regenerate: false,
            },
        ],
        validators: [],
    },
}{}
